<?xml version="1.0" encoding="UTF-8"?>
<!-- Generated by org.testng.reporters.JUnitReportReporter -->
<testsuite hostname="LAPTOP-T23N5TO4" failures="0" tests="1" name="TestCases.TC_Login" time="1.176" errors="0" timestamp="20 Dec 2024 15:23:18 GMT">
  <testcase classname="TestCases.TC_Login" name="loginAdmin" time="1.176"/>
</testsuite> <!-- TestCases.TC_Login -->
