<?xml version="1.0" encoding="UTF-8"?>
<!-- Generated by org.testng.reporters.JUnitReportReporter -->
<testsuite hostname="LAPTOP-T23N5TO4" failures="0" tests="1" name="TestCases.TC_Dashboard" time="2.416" errors="0" timestamp="10 Jan 2025 19:05:19 GMT">
  <testcase classname="TestCases.TC_Dashboard" name="AddEmployees" time="2.416"/>
</testsuite> <!-- TestCases.TC_Dashboard -->
