<?xml version="1.0" encoding="UTF-8"?>
<!-- Generated by org.testng.reporters.JUnitReportReporter -->
<testsuite hostname="LAPTOP-T23N5TO4" failures="0" tests="1" name="TestCases.TC_Department" time="7.628" errors="0" timestamp="10 Jan 2025 19:08:43 GMT">
  <testcase classname="TestCases.TC_Department" name="AddDepartment" time="7.628"/>
</testsuite> <!-- TestCases.TC_Department -->
