<?xml version="1.0" encoding="UTF-8"?>
<!-- Generated by org.testng.reporters.JUnitReportReporter -->
<testsuite hostname="DESKTOP-6TFEF53" failures="0" tests="1" name="tesng.varifyuser" time="5.010" errors="0" timestamp="2025-04-10T19:21:27 IST" skipped="0">
  <testcase classname="tesng.varifyuser" name="varify" time="5.010"/>
</testsuite> <!-- tesng.varifyuser -->
