<?xml version="1.0" encoding="UTF-8"?>
<!-- Generated by org.testng.reporters.JUnitReportReporter -->
<testsuite hostname="LAPTOP-T23N5TO4" failures="0" tests="1" name="TestCases.TC_Dynamic" time="7.036" errors="0" timestamp="21 Dec 2024 20:49:18 GMT">
  <testcase classname="TestCases.TC_Dynamic" name="checkName" time="7.036"/>
</testsuite> <!-- TestCases.TC_Dynamic -->
