<?xml version="1.0" encoding="UTF-8"?>
<!-- Generated by org.testng.reporters.JUnitReportReporter -->
<testsuite hostname="LAPTOP-T23N5TO4" failures="0" tests="1" name="TestCases.TC_DashboardDE" time="2.563" errors="0" timestamp="16 Jan 2025 07:41:20 GMT">
  <testcase classname="TestCases.TC_DashboardDE" name="AddDepartment" time="2.563"/>
</testsuite> <!-- TestCases.TC_DashboardDE -->
