<?xml version="1.0" encoding="UTF-8"?>
<!-- Generated by org.testng.reporters.JUnitReportReporter -->
<testsuite hostname="LAPTOP-T23N5TO4" failures="0" tests="1" name="TestCases.TC_Employee" time="6.008" errors="0" timestamp="10 Jan 2025 19:06:48 GMT">
  <testcase classname="TestCases.TC_Employee" name="AddEmployee" time="6.008"/>
</testsuite> <!-- TestCases.TC_Employee -->
